#
# There is insufficient memory for the Java Runtime Environment to continue.
# Native memory allocation (mmap) failed to map 65536 bytes for Failed to commit area from 0x000001f97f2a0000 to 0x000001f97f2b0000 of length 65536.
# Possible reasons:
#   The system is out of physical RAM or swap space
#   The process is running with CompressedOops enabled, and the Java Heap may be blocking the growth of the native heap
# Possible solutions:
#   Reduce memory load on the system
#   Increase physical memory or swap space
#   Check if swap backing store is full
#   Decrease Java heap size (-Xmx/-Xms)
#   Decrease number of Java threads
#   Decrease Java thread stack sizes (-Xss)
#   Set larger code cache with -XX:ReservedCodeCacheSize=
# This output file may be truncated or incomplete.
#
#  Out of Memory Error (c:/BuildAgent/work/5ff2f6c26000d570/src/hotspot/os/windows/os_windows.cpp:3281), pid=10540, tid=8040
#
# JRE version:  (11.0.4+10) (build )
# Java VM: OpenJDK 64-Bit Server VM (11.0.4+10-b304.77, mixed mode, aot, sharing, tiered, compressed oops, g1 gc, windows-amd64)
# No core dump will be written. Minidumps are not enabled by default on client versions of Windows
#

---------------  S U M M A R Y ------------

Command Line: org.jetbrains.git4idea.http.GitAskPassApp Username for 'https://github.com': 

Host: Intel(R) Core(TM) i5-8265U CPU @ 1.60GHz, 8 cores, 7G,  Windows 10 , 64 bit Build 17763 (10.0.17763.475)
Time: Sat Mar 28 19:50:33 2020 RTZ 2 (ceia) elapsed time: 0 seconds (0d 0h 0m 0s)

---------------  T H R E A D  ---------------

Current thread (0x000001f97aca8800):  JavaThread "Unknown thread" [_thread_in_vm, id=8040, stack(0x0000005699900000,0x0000005699a00000)]

Stack: [0x0000005699900000,0x0000005699a00000]
Native frames: (J=compiled Java code, j=interpreted, Vv=VM code, C=native code)
V  [jvm.dll+0x5db31a]
V  [jvm.dll+0x70c395]
V  [jvm.dll+0x70d8b8]
V  [jvm.dll+0x70df83]
V  [jvm.dll+0x23dbb8]
V  [jvm.dll+0x5d8a74]
V  [jvm.dll+0x5cdb05]
V  [jvm.dll+0x2fa5bb]
V  [jvm.dll+0x2fa52a]
V  [jvm.dll+0x2fa402]
V  [jvm.dll+0x2ff3d5]
V  [jvm.dll+0x3478db]
V  [jvm.dll+0x347f96]
V  [jvm.dll+0x347993]
V  [jvm.dll+0x2d4e28]
V  [jvm.dll+0x2d5fd7]
V  [jvm.dll+0x6eb717]
V  [jvm.dll+0x6ecf0c]
V  [jvm.dll+0x354fb9]
V  [jvm.dll+0x6d35be]
V  [jvm.dll+0x3bd673]
V  [jvm.dll+0x3bf9f1]
C  [java.exe+0x3763]
C  [java.exe+0x17a0c]
C  [KERNEL32.DLL+0x17974]
C  [ntdll.dll+0x6a261]


---------------  P R O C E S S  ---------------

Threads class SMR info:
_java_thread_list=0x000001f978b25eb0, length=0, elements={
}

Java Threads: ( => current thread )

Other Threads:
  0x000001f97acc1000 GCTaskThread "GC Thread#0" [stack: 0x0000005699a00000,0x0000005699b00000] [id=840]
  0x000001f97acf1000 ConcurrentGCThread "G1 Main Marker" [stack: 0x0000005699b00000,0x0000005699c00000] [id=12704]
  0x000001f97acf3800 ConcurrentGCThread "G1 Conc#0" [stack: 0x0000005699c00000,0x0000005699d00000] [id=2600]

[error occurred during error reporting (printing all threads), id 0xc0000005, EXCEPTION_ACCESS_VIOLATION (0xc0000005) at pc=0x00007ff92f105727]

VM state:not at safepoint (not fully initialized)

VM Mutex/Monitor currently owned by a thread:  ([mutex/lock_event])
[0x000001f97aca7740] Heap_lock - owner thread: 0x000001f97aca8800

Heap address: 0x0000000081c00000, size: 2020 MB, Compressed Oops mode: Non-zero based: 0x0000000081c00000
Narrow klass base: 0x0000000000000000, Narrow klass shift: 0

GC Heap History (0 events):
No events

Deoptimization events (0 events):
No events

Classes redefined (0 events):
No events

Internal exceptions (0 events):
No events

Events (0 events):
No events


Dynamic libraries:
0x00007ff76ae20000 - 0x00007ff76ae67000 	C:\Program Files\JetBrains\IntelliJ IDEA 2019.2.4\jbr\bin\java.exe
0x00007ff977120000 - 0x00007ff97730d000 	C:\Windows\SYSTEM32\ntdll.dll
0x00007ff953fc0000 - 0x00007ff953fd5000 	C:\Program Files\AVAST Software\Avast\aswhook.dll
0x00007ff9767d0000 - 0x00007ff976883000 	C:\Windows\System32\KERNEL32.DLL
0x00007ff9732e0000 - 0x00007ff973573000 	C:\Windows\System32\KERNELBASE.dll
0x00007ff975e20000 - 0x00007ff975fb7000 	C:\Windows\System32\USER32.dll
0x00007ff973580000 - 0x00007ff9735a0000 	C:\Windows\System32\win32u.dll
0x00007ff9770a0000 - 0x00007ff9770c9000 	C:\Windows\System32\GDI32.dll
0x00007ff974170000 - 0x00007ff974309000 	C:\Windows\System32\gdi32full.dll
0x00007ff9735a0000 - 0x00007ff973640000 	C:\Windows\System32\msvcp_win.dll
0x00007ff973e10000 - 0x00007ff973f0a000 	C:\Windows\System32\ucrtbase.dll
0x00007ff95e580000 - 0x00007ff95e7f9000 	C:\Windows\WinSxS\amd64_microsoft.windows.common-controls_6595b64144ccf1df_6.0.17763.1098_none_de762ed45346ee8a\COMCTL32.dll
0x00007ff975ab0000 - 0x00007ff975b4e000 	C:\Windows\System32\msvcrt.dll
0x00007ff976100000 - 0x00007ff97642c000 	C:\Windows\System32\combase.dll
0x00007ff976640000 - 0x00007ff976762000 	C:\Windows\System32\RPCRT4.dll
0x00007ff973f10000 - 0x00007ff973f8e000 	C:\Windows\System32\bcryptPrimitives.dll
0x00007ff974340000 - 0x00007ff97436e000 	C:\Windows\System32\IMM32.DLL
0x00007ff96c8c0000 - 0x00007ff96c8d7000 	C:\Program Files\JetBrains\IntelliJ IDEA 2019.2.4\jbr\bin\vcruntime140.dll
0x00007ff94f900000 - 0x00007ff94f99d000 	C:\Program Files\JetBrains\IntelliJ IDEA 2019.2.4\jbr\bin\msvcp140.dll
0x00007ff92ee20000 - 0x00007ff92f8d8000 	C:\Program Files\JetBrains\IntelliJ IDEA 2019.2.4\jbr\bin\server\jvm.dll
0x00007ff976050000 - 0x00007ff9760f3000 	C:\Windows\System32\ADVAPI32.dll
0x00007ff975d10000 - 0x00007ff975dae000 	C:\Windows\System32\sechost.dll
0x00007ff976430000 - 0x00007ff976438000 	C:\Windows\System32\PSAPI.DLL
0x00007ff961010000 - 0x00007ff961019000 	C:\Windows\SYSTEM32\WSOCK32.dll
0x00007ff976440000 - 0x00007ff9764ad000 	C:\Windows\System32\WS2_32.dll
0x00007ff970a50000 - 0x00007ff970a74000 	C:\Windows\SYSTEM32\WINMM.dll
0x00007ff96a840000 - 0x00007ff96a84a000 	C:\Windows\SYSTEM32\VERSION.dll
0x00007ff970a20000 - 0x00007ff970a4d000 	C:\Windows\SYSTEM32\WINMMBASE.dll
0x00007ff973290000 - 0x00007ff9732da000 	C:\Windows\System32\cfgmgr32.dll
0x00007ff9731c0000 - 0x00007ff9731d1000 	C:\Windows\System32\kernel.appcore.dll
0x00007ff969b20000 - 0x00007ff969b31000 	C:\Program Files\JetBrains\IntelliJ IDEA 2019.2.4\jbr\bin\verify.dll
0x00007ff971ac0000 - 0x00007ff971cad000 	C:\Windows\SYSTEM32\DBGHELP.DLL
0x00007ff9654c0000 - 0x00007ff9654ea000 	C:\Windows\SYSTEM32\dbgcore.DLL
0x00007ff966da0000 - 0x00007ff966dc9000 	C:\Program Files\JetBrains\IntelliJ IDEA 2019.2.4\jbr\bin\java.dll
0x00007ff969aa0000 - 0x00007ff969ab7000 	C:\Program Files\JetBrains\IntelliJ IDEA 2019.2.4\jbr\bin\zip.dll
0x00007ff96ddc0000 - 0x00007ff96ddcb000 	C:\Program Files\JetBrains\IntelliJ IDEA 2019.2.4\jbr\bin\jimage.dll

dbghelp: loaded successfully - version: 4.0.5 - missing functions: none
symbol engine: initialized successfully - sym options: 0x614 - pdb path: .;C:\Program Files\JetBrains\IntelliJ IDEA 2019.2.4\jbr\bin;C:\Windows\SYSTEM32;C:\Program Files\AVAST Software\Avast;C:\Windows\WinSxS\amd64_microsoft.windows.common-controls_6595b64144ccf1df_6.0.17763.1098_none_de762ed45346ee8a;C:\Program Files\JetBrains\IntelliJ IDEA 2019.2.4\jbr\bin\server

VM Arguments:
java_command: org.jetbrains.git4idea.http.GitAskPassApp Username for 'https://github.com': 
java_class_path (initial): C:/Program Files/JetBrains/IntelliJ IDEA 2019.2.4/plugins/git4idea/lib/git4idea-rt.jar;C:/Program Files/JetBrains/IntelliJ IDEA 2019.2.4/lib/xmlrpc-2.0.1.jar;C:/Program Files/JetBrains/IntelliJ IDEA 2019.2.4/lib/commons-codec-1.13.jar;C:/Program Files/JetBrains/IntelliJ IDEA 2019.2.4/lib/util.jar
Launcher Type: SUN_STANDARD

[Global flags]
     intx CICompilerCount                          = 4                                         {product} {ergonomic}
     uint ConcGCThreads                            = 2                                         {product} {ergonomic}
     uint G1ConcRefinementThreads                  = 8                                         {product} {ergonomic}
   size_t G1HeapRegionSize                         = 1048576                                   {product} {ergonomic}
    uintx GCDrainStackTargetSize                   = 64                                        {product} {ergonomic}
   size_t InitialHeapSize                          = 134217728                                 {product} {ergonomic}
   size_t MarkStackSize                            = 4194304                                   {product} {ergonomic}
   size_t MaxHeapSize                              = 2118123520                                {product} {ergonomic}
   size_t MinHeapDeltaBytes                        = 1048576                                   {product} {ergonomic}
    uintx NonNMethodCodeHeapSize                   = 5835340                                {pd product} {ergonomic}
    uintx NonProfiledCodeHeapSize                  = 122911450                              {pd product} {ergonomic}
    uintx ProfiledCodeHeapSize                     = 122911450                              {pd product} {ergonomic}
    uintx ReservedCodeCacheSize                    = 251658240                              {pd product} {ergonomic}
     bool SegmentedCodeCache                       = true                                      {product} {ergonomic}
     bool UseCompressedClassPointers               = true                                 {lp64_product} {ergonomic}
     bool UseCompressedOops                        = true                                 {lp64_product} {ergonomic}
     bool UseG1GC                                  = true                                      {product} {ergonomic}
     bool UseLargePagesIndividualAllocation        = false                                  {pd product} {ergonomic}

Logging:
Log output configuration:
 #0: stdout all=warning uptime,level,tags
 #1: stderr all=off uptime,level,tags

Environment Variables:
JAVA_HOME=C:\Program Files\Java\jdk1.8.0_221
CLASSPATH=.;
PATH=C:/Program Files/Git/mingw64/libexec/git-core;C:/Program Files/Git/mingw64/libexec/git-core;C:\Program Files\Git\mingw64\bin;C:\Program Files\Git\usr\bin;C:\Users\Аня\bin;C:\Program Files (x86)\Common Files\Oracle\Java\javapath;C:\Windows\system32;C:\Windows;C:\Windows\System32\Wbem;C:\Windows\System32\WindowsPowerShell\v1.0\;C:\Windows\System32\OpenSSH\;C:\Program Files\Java\jdk1.8.0_221\bin;C:\Program Files\Gradle\gradle-5.6.3\bin;C:\Program Files\Git\cmd;C:\Program Files\MiKTeX 2.9\miktex\bin\x64\;C:\Python\Python37-32\Scripts\;C:\Python\Python37-32\;C:\Users\Аня\AppData\Local\Microsoft\WindowsApps;C:\Program Files\JetBrains\IntelliJ IDEA 2019.2.4\bin;C:\Program Files\JetBrains\PyCharm Community Edition 2019.2.4\bin;C:\Users\Аня\AppData\Local\atom\bin
USERNAME=Аня
DISPLAY=:0.0
OS=Windows_NT
PROCESSOR_IDENTIFIER=Intel64 Family 6 Model 142 Stepping 11, GenuineIntel



---------------  S Y S T E M  ---------------

OS: Windows 10 , 64 bit Build 17763 (10.0.17763.475)

CPU:total 8 (initial active 8) (4 cores per cpu, 2 threads per core) family 6 model 142 stepping 11, cmov, cx8, fxsr, mmx, sse, sse2, sse3, ssse3, sse4.1, sse4.2, popcnt, avx, avx2, aes, clmul, erms, 3dnowpref, lzcnt, ht, tsc, tscinvbit, bmi1, bmi2, adx, fma

Memory: 4k page, system-wide physical 8078M (1953M free)
TotalPageFile size 8878M (AvailPageFile size 1M)
current process WorkingSet (physical memory assigned to process): 14M, peak: 14M
current process commit charge ("private bytes"): 192M, peak: 192M

vm_info: OpenJDK 64-Bit Server VM (11.0.4+10-b304.77) for windows-amd64 JRE (11.0.4+10-b304.77), built on Oct 10 2019 15:02:36 by "" with MS VC++ 14.0 (VS2015)

END.
