#
# There is insufficient memory for the Java Runtime Environment to continue.
# Native memory allocation (mmap) failed to map 134217728 bytes for Failed to commit area from 0x0000000081c00000 to 0x0000000089c00000 of length 134217728.
# Possible reasons:
#   The system is out of physical RAM or swap space
#   The process is running with CompressedOops enabled, and the Java Heap may be blocking the growth of the native heap
# Possible solutions:
#   Reduce memory load on the system
#   Increase physical memory or swap space
#   Check if swap backing store is full
#   Decrease Java heap size (-Xmx/-Xms)
#   Decrease number of Java threads
#   Decrease Java thread stack sizes (-Xss)
#   Set larger code cache with -XX:ReservedCodeCacheSize=
# This output file may be truncated or incomplete.
#
#  Out of Memory Error (c:/BuildAgent/work/5ff2f6c26000d570/src/hotspot/os/windows/os_windows.cpp:3281), pid=19224, tid=18044
#
# JRE version:  (11.0.4+10) (build )
# Java VM: OpenJDK 64-Bit Server VM (11.0.4+10-b304.77, mixed mode, aot, sharing, tiered, compressed oops, g1 gc, windows-amd64)
# No core dump will be written. Minidumps are not enabled by default on client versions of Windows
#

---------------  S U M M A R Y ------------

Command Line: org.jetbrains.git4idea.http.GitAskPassApp Username for 'https://github.com': 

Host: Intel(R) Core(TM) i5-8265U CPU @ 1.60GHz, 8 cores, 7G,  Windows 10 , 64 bit Build 17763 (10.0.17763.475)
Time: Fri Mar 20 11:48:52 2020 RTZ 2 (ceia) elapsed time: 0 seconds (0d 0h 0m 0s)

---------------  T H R E A D  ---------------

Current thread (0x000002a106738800):  JavaThread "Unknown thread" [_thread_in_vm, id=18044, stack(0x000000a1a4d00000,0x000000a1a4e00000)]

Stack: [0x000000a1a4d00000,0x000000a1a4e00000]
Native frames: (J=compiled Java code, j=interpreted, Vv=VM code, C=native code)
V  [jvm.dll+0x5db31a]
V  [jvm.dll+0x70c395]
V  [jvm.dll+0x70d8b8]
V  [jvm.dll+0x70df83]
V  [jvm.dll+0x23dbb8]
V  [jvm.dll+0x5d8a74]
V  [jvm.dll+0x5cdb05]
V  [jvm.dll+0x2fa5bb]
V  [jvm.dll+0x2fa52a]
V  [jvm.dll+0x2fa402]
V  [jvm.dll+0x2ff2c6]
V  [jvm.dll+0x347893]
V  [jvm.dll+0x347f96]
V  [jvm.dll+0x347993]
V  [jvm.dll+0x2d4e28]
V  [jvm.dll+0x2d5fd7]
V  [jvm.dll+0x6eb717]
V  [jvm.dll+0x6ecf0c]
V  [jvm.dll+0x354fb9]
V  [jvm.dll+0x6d35be]
V  [jvm.dll+0x3bd673]
V  [jvm.dll+0x3bf9f1]
C  [java.exe+0x3763]
C  [java.exe+0x17a0c]
C  [KERNEL32.DLL+0x17974]
C  [ntdll.dll+0x6a261]


---------------  P R O C E S S  ---------------

Threads class SMR info:
_java_thread_list=0x000002a1045d6a00, length=0, elements={
}

Java Threads: ( => current thread )

Other Threads:
  0x000002a106751000 GCTaskThread "GC Thread#0" [stack: 0x000000a1a4e00000,0x000000a1a4f00000] [id=14328]
  0x000002a106780800 ConcurrentGCThread "G1 Main Marker" [stack: 0x000000a1a4f00000,0x000000a1a5000000] [id=15608]
  0x000002a106781800 ConcurrentGCThread "G1 Conc#0" [stack: 0x000000a1a5000000,0x000000a1a5100000] [id=128]

[error occurred during error reporting (printing all threads), id 0xc0000005, EXCEPTION_ACCESS_VIOLATION (0xc0000005) at pc=0x00007ffee35a5727]

VM state:not at safepoint (not fully initialized)

VM Mutex/Monitor currently owned by a thread:  ([mutex/lock_event])
[0x000002a1067369f0] Heap_lock - owner thread: 0x000002a106738800

Heap address: 0x0000000081c00000, size: 2020 MB, Compressed Oops mode: Non-zero based: 0x0000000081c00000
Narrow klass base: 0x0000000000000000, Narrow klass shift: 0

GC Heap History (0 events):
No events

Deoptimization events (0 events):
No events

Classes redefined (0 events):
No events

Internal exceptions (0 events):
No events

Events (0 events):
No events


Dynamic libraries:
0x00007ff69cac0000 - 0x00007ff69cb07000 	C:\Program Files\JetBrains\IntelliJ IDEA 2019.2.4\jbr\bin\java.exe
0x00007fff41be0000 - 0x00007fff41dcd000 	C:\Windows\SYSTEM32\ntdll.dll
0x00007ffeede80000 - 0x00007ffeede95000 	C:\Program Files\AVAST Software\Avast\aswhook.dll
0x00007fff3f110000 - 0x00007fff3f1c3000 	C:\Windows\System32\KERNEL32.DLL
0x00007fff3e410000 - 0x00007fff3e6a3000 	C:\Windows\System32\KERNELBASE.dll
0x00007fff40200000 - 0x00007fff40397000 	C:\Windows\System32\USER32.dll
0x00007fff3e890000 - 0x00007fff3e8b0000 	C:\Windows\System32\win32u.dll
0x00007fff401d0000 - 0x00007fff401f9000 	C:\Windows\System32\GDI32.dll
0x00007fff3eb30000 - 0x00007fff3ecc9000 	C:\Windows\System32\gdi32full.dll
0x00007fff3ea30000 - 0x00007fff3ead0000 	C:\Windows\System32\msvcp_win.dll
0x00007fff3e930000 - 0x00007fff3ea2a000 	C:\Windows\System32\ucrtbase.dll
0x00007fff22520000 - 0x00007fff22799000 	C:\Windows\WinSxS\amd64_microsoft.windows.common-controls_6595b64144ccf1df_6.0.17763.1098_none_de762ed45346ee8a\COMCTL32.dll
0x00007fff3fb00000 - 0x00007fff3fb9e000 	C:\Windows\System32\msvcrt.dll
0x00007fff3f7d0000 - 0x00007fff3fafc000 	C:\Windows\System32\combase.dll
0x00007fff3ee80000 - 0x00007fff3efa2000 	C:\Windows\System32\RPCRT4.dll
0x00007fff3e8b0000 - 0x00007fff3e92e000 	C:\Windows\System32\bcryptPrimitives.dll
0x00007fff3f7a0000 - 0x00007fff3f7ce000 	C:\Windows\System32\IMM32.DLL
0x00007fff39e90000 - 0x00007fff39ea7000 	C:\Program Files\JetBrains\IntelliJ IDEA 2019.2.4\jbr\bin\vcruntime140.dll
0x00007fff17fc0000 - 0x00007fff1805d000 	C:\Program Files\JetBrains\IntelliJ IDEA 2019.2.4\jbr\bin\msvcp140.dll
0x00007ffee32c0000 - 0x00007ffee3d78000 	C:\Program Files\JetBrains\IntelliJ IDEA 2019.2.4\jbr\bin\server\jvm.dll
0x00007fff41a30000 - 0x00007fff41ad3000 	C:\Windows\System32\ADVAPI32.dll
0x00007fff3f2a0000 - 0x00007fff3f33e000 	C:\Windows\System32\sechost.dll
0x00007fff3ee00000 - 0x00007fff3ee08000 	C:\Windows\System32\PSAPI.DLL
0x00007fff2d2e0000 - 0x00007fff2d2e9000 	C:\Windows\SYSTEM32\WSOCK32.dll
0x00007fff41ae0000 - 0x00007fff41b4d000 	C:\Windows\System32\WS2_32.dll
0x00007fff3b5f0000 - 0x00007fff3b614000 	C:\Windows\SYSTEM32\WINMM.dll
0x00007fff34c40000 - 0x00007fff34c4a000 	C:\Windows\SYSTEM32\VERSION.dll
0x00007fff3b5c0000 - 0x00007fff3b5ed000 	C:\Windows\SYSTEM32\WINMMBASE.dll
0x00007fff3ecd0000 - 0x00007fff3ed1a000 	C:\Windows\System32\cfgmgr32.dll
0x00007fff3dbd0000 - 0x00007fff3dbe1000 	C:\Windows\System32\kernel.appcore.dll
0x00007fff36380000 - 0x00007fff36391000 	C:\Program Files\JetBrains\IntelliJ IDEA 2019.2.4\jbr\bin\verify.dll
0x00007fff3c580000 - 0x00007fff3c76d000 	C:\Windows\SYSTEM32\DBGHELP.DLL
0x00007fff30470000 - 0x00007fff3049a000 	C:\Windows\SYSTEM32\dbgcore.DLL
0x00007fff2ee90000 - 0x00007fff2eeb9000 	C:\Program Files\JetBrains\IntelliJ IDEA 2019.2.4\jbr\bin\java.dll
0x00007fff36290000 - 0x00007fff362a7000 	C:\Program Files\JetBrains\IntelliJ IDEA 2019.2.4\jbr\bin\zip.dll
0x00007fff38ad0000 - 0x00007fff38adb000 	C:\Program Files\JetBrains\IntelliJ IDEA 2019.2.4\jbr\bin\jimage.dll

dbghelp: loaded successfully - version: 4.0.5 - missing functions: none
symbol engine: initialized successfully - sym options: 0x614 - pdb path: .;C:\Program Files\JetBrains\IntelliJ IDEA 2019.2.4\jbr\bin;C:\Windows\SYSTEM32;C:\Program Files\AVAST Software\Avast;C:\Windows\WinSxS\amd64_microsoft.windows.common-controls_6595b64144ccf1df_6.0.17763.1098_none_de762ed45346ee8a;C:\Program Files\JetBrains\IntelliJ IDEA 2019.2.4\jbr\bin\server

VM Arguments:
java_command: org.jetbrains.git4idea.http.GitAskPassApp Username for 'https://github.com': 
java_class_path (initial): C:/Program Files/JetBrains/IntelliJ IDEA 2019.2.4/plugins/git4idea/lib/git4idea-rt.jar;C:/Program Files/JetBrains/IntelliJ IDEA 2019.2.4/lib/xmlrpc-2.0.1.jar;C:/Program Files/JetBrains/IntelliJ IDEA 2019.2.4/lib/commons-codec-1.13.jar;C:/Program Files/JetBrains/IntelliJ IDEA 2019.2.4/lib/util.jar
Launcher Type: SUN_STANDARD

[Global flags]
     intx CICompilerCount                          = 4                                         {product} {ergonomic}
     uint ConcGCThreads                            = 2                                         {product} {ergonomic}
     uint G1ConcRefinementThreads                  = 8                                         {product} {ergonomic}
   size_t G1HeapRegionSize                         = 1048576                                   {product} {ergonomic}
    uintx GCDrainStackTargetSize                   = 64                                        {product} {ergonomic}
   size_t InitialHeapSize                          = 134217728                                 {product} {ergonomic}
   size_t MarkStackSize                            = 4194304                                   {product} {ergonomic}
   size_t MaxHeapSize                              = 2118123520                                {product} {ergonomic}
   size_t MinHeapDeltaBytes                        = 1048576                                   {product} {ergonomic}
    uintx NonNMethodCodeHeapSize                   = 5835340                                {pd product} {ergonomic}
    uintx NonProfiledCodeHeapSize                  = 122911450                              {pd product} {ergonomic}
    uintx ProfiledCodeHeapSize                     = 122911450                              {pd product} {ergonomic}
    uintx ReservedCodeCacheSize                    = 251658240                              {pd product} {ergonomic}
     bool SegmentedCodeCache                       = true                                      {product} {ergonomic}
     bool UseCompressedClassPointers               = true                                 {lp64_product} {ergonomic}
     bool UseCompressedOops                        = true                                 {lp64_product} {ergonomic}
     bool UseG1GC                                  = true                                      {product} {ergonomic}
     bool UseLargePagesIndividualAllocation        = false                                  {pd product} {ergonomic}

Logging:
Log output configuration:
 #0: stdout all=warning uptime,level,tags
 #1: stderr all=off uptime,level,tags

Environment Variables:
JAVA_HOME=C:\Program Files\Java\jdk1.8.0_221
CLASSPATH=.;
PATH=C:/Program Files/Git/mingw64/libexec/git-core;C:/Program Files/Git/mingw64/libexec/git-core;C:\Program Files\Git\mingw64\bin;C:\Program Files\Git\usr\bin;C:\Users\Аня\bin;C:\Program Files (x86)\Common Files\Oracle\Java\javapath;C:\Windows\system32;C:\Windows;C:\Windows\System32\Wbem;C:\Windows\System32\WindowsPowerShell\v1.0\;C:\Windows\System32\OpenSSH\;C:\Program Files\Java\jdk1.8.0_221\bin;C:\Program Files\Gradle\gradle-5.6.3\bin;C:\Program Files\Git\cmd;C:\Program Files\MiKTeX 2.9\miktex\bin\x64\;C:\Python\Python37-32\Scripts\;C:\Python\Python37-32\;C:\Users\Аня\AppData\Local\Microsoft\WindowsApps;C:\Program Files\JetBrains\IntelliJ IDEA 2019.2.4\bin;C:\Program Files\JetBrains\PyCharm Community Edition 2019.2.4\bin;C:\Users\Аня\AppData\Local\atom\bin
USERNAME=Аня
DISPLAY=:0.0
OS=Windows_NT
PROCESSOR_IDENTIFIER=Intel64 Family 6 Model 142 Stepping 11, GenuineIntel



---------------  S Y S T E M  ---------------

OS: Windows 10 , 64 bit Build 17763 (10.0.17763.475)

CPU:total 8 (initial active 8) (4 cores per cpu, 2 threads per core) family 6 model 142 stepping 11, cmov, cx8, fxsr, mmx, sse, sse2, sse3, ssse3, sse4.1, sse4.2, popcnt, avx, avx2, aes, clmul, erms, 3dnowpref, lzcnt, ht, tsc, tscinvbit, bmi1, bmi2, adx, fma

Memory: 4k page, system-wide physical 8078M (1582M free)
TotalPageFile size 8878M (AvailPageFile size 45M)
current process WorkingSet (physical memory assigned to process): 9M, peak: 9M
current process commit charge ("private bytes"): 60M, peak: 188M

vm_info: OpenJDK 64-Bit Server VM (11.0.4+10-b304.77) for windows-amd64 JRE (11.0.4+10-b304.77), built on Oct 10 2019 15:02:36 by "" with MS VC++ 14.0 (VS2015)

END.
